[  118733ms] [LOG] %cmetric: color:gray {name: TTFB, entries: Array(1), value: 253.2999999821186, rating: good, delta: 253.2999999821186} @ https://unsplash.com/a/en-US/4160.49989f47.js:13
[  118733ms] [LOG] %cusr: color:gray {locale: en-US} @ https://unsplash.com/a/en-US/4160.49989f47.js:13
[  118734ms] [LOG] %croute_data: color:gray Asset @ https://unsplash.com/a/en-US/4160.49989f47.js:13
[  155531ms] [LOG] %cmetric: color:gray {name: LCP, entries: Array(1), value: 636, rating: good, delta: 636} @ https://unsplash.com/a/en-US/4160.49989f47.js:13
[  155532ms] [LOG] %cusr: color:gray {locale: en-US} @ https://unsplash.com/a/en-US/4160.49989f47.js:13
[  155532ms] [LOG] %croute_data: color:gray Asset @ https://unsplash.com/a/en-US/4160.49989f47.js:13
[  155534ms] [LOG] %cmetric: color:gray {name: CLS, entries: Array(0), value: 0, rating: good, delta: 0} @ https://unsplash.com/a/en-US/4160.49989f47.js:13
[  155534ms] [LOG] %cusr: color:gray {locale: en-US} @ https://unsplash.com/a/en-US/4160.49989f47.js:13
[  155534ms] [LOG] %croute_data: color:gray Asset @ https://unsplash.com/a/en-US/4160.49989f47.js:13
[  155795ms] [LOG] %cmetric: color:gray {name: TTFB, entries: Array(1), value: 45.29999998211861, rating: good, delta: 45.29999998211861} @ https://unsplash.com/a/en-US/4160.49989f47.js:13
[  155795ms] [LOG] %cusr: color:gray {locale: en-US} @ https://unsplash.com/a/en-US/4160.49989f47.js:13
[  155796ms] [LOG] %croute_data: color:gray Asset @ https://unsplash.com/a/en-US/4160.49989f47.js:13
[  156054ms] [LOG] %cmetric: color:gray {name: LCP, entries: Array(1), value: 208, rating: good, delta: 208} @ https://unsplash.com/a/en-US/4160.49989f47.js:13
[  156054ms] [LOG] %cusr: color:gray {locale: en-US} @ https://unsplash.com/a/en-US/4160.49989f47.js:13
[  156054ms] [LOG] %croute_data: color:gray Asset @ https://unsplash.com/a/en-US/4160.49989f47.js:13
[  156055ms] [LOG] %cmetric: color:gray {name: CLS, entries: Array(0), value: 0, rating: good, delta: 0} @ https://unsplash.com/a/en-US/4160.49989f47.js:13
[  156055ms] [LOG] %cusr: color:gray {locale: en-US} @ https://unsplash.com/a/en-US/4160.49989f47.js:13
[  156056ms] [LOG] %croute_data: color:gray Asset @ https://unsplash.com/a/en-US/4160.49989f47.js:13
[  156437ms] [LOG] %cmetric: color:gray {name: TTFB, entries: Array(1), value: 156.80000001192093, rating: good, delta: 156.80000001192093} @ https://unsplash.com/a/en-US/4160.49989f47.js:13
[  156437ms] [LOG] %cusr: color:gray {locale: en-US} @ https://unsplash.com/a/en-US/4160.49989f47.js:13
[  156437ms] [LOG] %croute_data: color:gray Asset @ https://unsplash.com/a/en-US/4160.49989f47.js:13
[  156628ms] [LOG] %cmetric: color:gray {name: LCP, entries: Array(1), value: 588, rating: good, delta: 588} @ https://unsplash.com/a/en-US/4160.49989f47.js:13
[  156628ms] [LOG] %cusr: color:gray {locale: en-US} @ https://unsplash.com/a/en-US/4160.49989f47.js:13
[  156628ms] [LOG] %croute_data: color:gray Asset @ https://unsplash.com/a/en-US/4160.49989f47.js:13
[  156629ms] [LOG] %cmetric: color:gray {name: CLS, entries: Array(0), value: 0, rating: good, delta: 0} @ https://unsplash.com/a/en-US/4160.49989f47.js:13
[  156629ms] [LOG] %cusr: color:gray {locale: en-US} @ https://unsplash.com/a/en-US/4160.49989f47.js:13
[  156629ms] [LOG] %croute_data: color:gray Asset @ https://unsplash.com/a/en-US/4160.49989f47.js:13
[  156754ms] [LOG] %cmetric: color:gray {name: TTFB, entries: Array(1), value: 109, rating: good, delta: 109} @ https://unsplash.com/a/en-US/4160.49989f47.js:13
[  156754ms] [LOG] %cusr: color:gray {locale: en-US} @ https://unsplash.com/a/en-US/4160.49989f47.js:13
[  156754ms] [LOG] %croute_data: color:gray Asset @ https://unsplash.com/a/en-US/4160.49989f47.js:13
[  157264ms] [LOG] %cmetric: color:gray {name: LCP, entries: Array(1), value: 284, rating: good, delta: 284} @ https://unsplash.com/a/en-US/4160.49989f47.js:13
[  157264ms] [LOG] %cusr: color:gray {locale: en-US} @ https://unsplash.com/a/en-US/4160.49989f47.js:13
[  157264ms] [LOG] %croute_data: color:gray Asset @ https://unsplash.com/a/en-US/4160.49989f47.js:13
[  157265ms] [LOG] %cmetric: color:gray {name: CLS, entries: Array(0), value: 0, rating: good, delta: 0} @ https://unsplash.com/a/en-US/4160.49989f47.js:13
[  157265ms] [LOG] %cusr: color:gray {locale: en-US} @ https://unsplash.com/a/en-US/4160.49989f47.js:13
[  157265ms] [LOG] %croute_data: color:gray Asset @ https://unsplash.com/a/en-US/4160.49989f47.js:13
[  157874ms] [LOG] %cmetric: color:gray {name: TTFB, entries: Array(1), value: 302.39999997615814, rating: good, delta: 302.39999997615814} @ https://unsplash.com/a/en-US/4160.49989f47.js:13
[  157875ms] [LOG] %cusr: color:gray {locale: en-US} @ https://unsplash.com/a/en-US/4160.49989f47.js:13
[  157875ms] [LOG] %croute_data: color:gray Asset @ https://unsplash.com/a/en-US/4160.49989f47.js:13
[  158146ms] [LOG] %cmetric: color:gray {name: LCP, entries: Array(1), value: 988, rating: good, delta: 988} @ https://unsplash.com/a/en-US/4160.49989f47.js:13
[  158146ms] [LOG] %cusr: color:gray {locale: en-US} @ https://unsplash.com/a/en-US/4160.49989f47.js:13
[  158146ms] [LOG] %croute_data: color:gray Asset @ https://unsplash.com/a/en-US/4160.49989f47.js:13
[  158147ms] [LOG] %cmetric: color:gray {name: CLS, entries: Array(0), value: 0, rating: good, delta: 0} @ https://unsplash.com/a/en-US/4160.49989f47.js:13
[  158148ms] [LOG] %cusr: color:gray {locale: en-US} @ https://unsplash.com/a/en-US/4160.49989f47.js:13
[  158148ms] [LOG] %croute_data: color:gray Asset @ https://unsplash.com/a/en-US/4160.49989f47.js:13
[  158744ms] [LOG] %cmetric: color:gray {name: TTFB, entries: Array(1), value: 212.40000000596046, rating: good, delta: 212.40000000596046} @ https://unsplash.com/a/en-US/4160.49989f47.js:13
[  158744ms] [LOG] %cusr: color:gray {locale: en-US} @ https://unsplash.com/a/en-US/4160.49989f47.js:13
[  158744ms] [LOG] %croute_data: color:gray Asset @ https://unsplash.com/a/en-US/4160.49989f47.js:13
